2012-04-28 19:08:48 Debug: Notice (8): Undefined property:  HtmlHelper::$form in [APP\views\especialidades\index.ctp, line 28]
2012-04-28 19:13:32 Debug: Notice (8): Undefined property:  View::$Form in [APP\views\especialidades\index.ctp, line 28]
2012-04-28 19:20:15 Debug: Notice (8): Undefined variable: options in [APP\views\especialidades\add.ctp, line 8]
2012-04-28 19:20:37 Debug: Notice (8): Undefined variable: options in [APP\views\especialidades\add.ctp, line 8]
2012-04-28 19:21:17 Debug: Notice (8): Undefined variable: options in [APP\views\especialidades\add.ctp, line 8]
2012-04-28 19:21:59 Debug: Notice (8): Undefined index:  nombre in [APP\views\especialidades\add.ctp, line 8]
2012-04-28 19:26:35 Debug: Notice (8): Trying to get property of non-object in [APP\controllers\especialidades_controller.php, line 26]
2012-04-29 15:33:34 Debug: Notice (8): Undefined variable: id in [APP\controllers\especialidades_controller.php, line 48]
2012-04-29 15:50:19 Debug: Notice (8): Undefined variable: id in [APP\controllers\especialidades_controller.php, line 48]
2012-04-29 15:57:51 Debug: Notice (8): Undefined variable: paginator in [APP\views\especialidades\index.ctp, line 32]
2012-04-29 16:04:12 Debug: Notice (8): Undefined variable: paginator in [APP\views\especialidades\index.ctp, line 32]
2012-04-29 16:12:17 Debug: Notice (8): Undefined property:  EspecialidadesController::$Util in [APP\controllers\especialidades_controller.php, line 58]
2012-04-29 16:12:41 Debug: Notice (8): Undefined variable: id in [APP\controllers\especialidades_controller.php, line 58]
2012-04-29 16:12:41 Debug: Notice (8): Undefined variable: especialidades in [APP\controllers\especialidades_controller.php, line 58]
2012-04-29 16:12:42 Debug: Notice (8): Undefined variable: id in [APP\controllers\especialidades_controller.php, line 58]
2012-04-29 16:12:42 Debug: Notice (8): Undefined variable: especialidades in [APP\controllers\especialidades_controller.php, line 58]
2012-04-29 16:12:44 Debug: Notice (8): Undefined variable: id in [APP\controllers\especialidades_controller.php, line 58]
2012-04-29 16:12:44 Debug: Notice (8): Undefined variable: especialidades in [APP\controllers\especialidades_controller.php, line 58]
2012-04-29 16:12:53 Debug: Notice (8): Undefined variable: id in [APP\controllers\especialidades_controller.php, line 58]
2012-04-29 16:12:53 Debug: Notice (8): Undefined variable: especialidades in [APP\controllers\especialidades_controller.php, line 58]
2012-04-29 16:13:31 Debug: Notice (8): Undefined variable: id in [APP\controllers\especialidades_controller.php, line 58]
2012-04-29 17:53:21 Debug: Notice (8): Undefined variable: pais in [APP\views\equipos\index.ctp, line 62]
2012-04-29 17:53:27 Debug: Notice (8): Undefined variable: pais in [APP\views\equipos\index.ctp, line 62]
2012-04-29 17:53:29 Debug: Notice (8): Undefined variable: pais in [APP\views\equipos\index.ctp, line 62]
2012-04-29 17:53:30 Debug: Notice (8): Undefined variable: pais in [APP\views\equipos\index.ctp, line 62]
2012-04-29 17:53:32 Debug: Notice (8): Undefined variable: pais in [APP\views\equipos\index.ctp, line 62]
2012-04-29 17:53:33 Debug: Notice (8): Undefined variable: pais in [APP\views\equipos\index.ctp, line 62]
2012-04-29 17:53:33 Debug: Notice (8): Undefined variable: pais in [APP\views\equipos\index.ctp, line 62]
2012-04-29 17:53:34 Debug: Notice (8): Undefined variable: pais in [APP\views\equipos\index.ctp, line 62]
2012-04-29 17:53:35 Debug: Notice (8): Undefined variable: pais in [APP\views\equipos\index.ctp, line 62]
2012-04-29 17:53:36 Debug: Notice (8): Undefined variable: pais in [APP\views\equipos\index.ctp, line 62]
2012-04-29 17:53:37 Debug: Notice (8): Undefined variable: pais in [APP\views\equipos\index.ctp, line 62]
2012-04-29 17:53:38 Debug: Notice (8): Undefined variable: pais in [APP\views\equipos\index.ctp, line 62]
2012-04-29 17:53:39 Debug: Notice (8): Undefined variable: pais in [APP\views\equipos\index.ctp, line 62]
2012-04-29 17:53:40 Debug: Notice (8): Undefined variable: pais in [APP\views\equipos\index.ctp, line 62]
2012-04-29 17:53:41 Debug: Notice (8): Undefined variable: pais in [APP\views\equipos\index.ctp, line 62]
2012-04-29 17:53:41 Debug: Notice (8): Undefined variable: pais in [APP\views\equipos\index.ctp, line 62]
2012-04-29 17:53:44 Debug: Notice (8): Undefined variable: pais in [APP\views\equipos\index.ctp, line 62]
2012-04-29 17:53:47 Debug: Notice (8): Undefined variable: pais in [APP\views\equipos\index.ctp, line 62]
2012-04-29 17:53:55 Debug: Notice (8): Undefined variable: pais in [APP\views\equipos\index.ctp, line 62]
2012-04-29 17:53:57 Debug: Notice (8): Undefined variable: pais in [APP\views\equipos\index.ctp, line 62]
2012-04-29 19:41:53 Debug: Notice (8): Undefined variable: equipos in [APP\views\deportes\index.ctp, line 10]
2012-04-29 19:42:35 Debug: Notice (8): Undefined index:  Equipo in [APP\views\deportes\index.ctp, line 12]
2012-04-29 19:42:35 Debug: Notice (8): Undefined index:  Equipo in [APP\views\deportes\index.ctp, line 13]
2012-04-29 19:42:35 Debug: Notice (8): Undefined index:  Equipo in [APP\views\deportes\index.ctp, line 17]
2012-04-29 19:42:35 Debug: Notice (8): Undefined index:  Equipo in [APP\views\deportes\index.ctp, line 18]
2012-04-29 19:42:53 Debug: Notice (8): Undefined index:  Equipo in [APP\views\deportes\index.ctp, line 17]
2012-04-29 19:42:53 Debug: Notice (8): Undefined index:  Equipo in [APP\views\deportes\index.ctp, line 18]
2012-04-29 20:06:05 Debug: Notice (8): Undefined variable: options in [APP\views\deportes\index.ctp, line 16]
2012-04-29 20:11:55 Debug: Notice (8): Undefined property:  DeportesController::$Especialidade in [APP\controllers\deportes_controller.php, line 67]
2012-04-29 20:19:29 Debug: Notice (8): Undefined index:  Especialidade in [APP\views\deportes\index.ctp, line 19]
2012-04-29 20:20:28 Debug: Notice (8): Undefined index:  especialidade_id in [APP\views\deportes\index.ctp, line 19]
2012-04-29 20:29:40 Debug: Notice (8): Undefined index:  Especialidade in [APP\views\deportes\index.ctp, line 19]
2012-04-29 20:31:17 Debug: Notice (8): Undefined index:  Especialidade in [APP\views\deportes\index.ctp, line 19]
2012-04-29 20:41:25 Debug: Notice (8): Undefined index:  Especialidade in [APP\views\deportes\index.ctp, line 19]
2012-04-29 20:41:34 Debug: Notice (8): Undefined index:  Deporte in [APP\views\especialidades\index.ctp, line 18]
2012-04-29 21:01:23 Debug: Notice (8): Undefined index:  Deporte in [APP\views\especialidades\index.ctp, line 18]
2012-04-29 21:15:58 Debug: Notice (8): Undefined index:  Deporte in [APP\views\especialidades\index.ctp, line 18]
2012-04-29 21:16:25 Debug: Notice (8): Undefined index:  Deporte in [APP\views\especialidades\index.ctp, line 18]
2012-04-29 21:24:43 Debug: Notice (8): Undefined index:  Deporte in [APP\views\especialidades\index.ctp, line 18]
2012-04-29 21:25:01 Debug: Notice (8): Undefined index:  Deporte in [APP\views\especialidades\index.ctp, line 18]
2012-04-29 21:25:02 Debug: Notice (8): Undefined index:  Deporte in [APP\views\especialidades\index.ctp, line 18]
2012-04-29 21:25:31 Debug: Notice (8): Undefined index:  Deporte in [APP\views\especialidades\index.ctp, line 18]
2012-04-29 21:29:21 Debug: Notice (8): Undefined property:  Especialidade::$Deporte in [APP\controllers\especialidades_controller.php, line 56]
2012-04-29 21:29:22 Debug: Notice (8): Undefined property:  Especialidade::$Deporte in [APP\controllers\especialidades_controller.php, line 56]
2012-04-29 21:29:49 Debug: Notice (8): Undefined property:  Especialidade::$Deporte in [APP\controllers\especialidades_controller.php, line 60]
2012-04-29 22:23:32 Debug: Notice (8): Undefined index:  Deporte in [APP\views\especialidades\index.ctp, line 18]
2012-04-29 22:39:55 Debug: Notice (8): Undefined variable: alumnos in [APP\views\alumnos\index.ctp, line 7]
2012-04-29 22:40:34 Debug: Notice (8): Undefined index:  Codigo in [APP\views\alumnos\index.ctp, line 9]
2012-04-29 22:40:34 Debug: Notice (8): Undefined index:  Nombre in [APP\views\alumnos\index.ctp, line 10]
2012-05-05 18:01:33 Debug: Notice (8): Undefined variable: id in [APP\controllers\autors_controller.php, line 17]
2012-05-05 18:02:03 Debug: Notice (8): Undefined variable: id in [APP\controllers\autors_controller.php, line 17]
2012-05-17 20:15:26 Debug: Notice (8): Undefined variable: id in [APP\controllers\autors_controller.php, line 17]
