2012-04-27 19:53:21 Warning: Warning (2): mysql_connect() [<a href='http://php.net/function.mysql-connect'>function.mysql-connect</a>]: Access denied for user 'user'@'localhost' (using password: YES) in [CORE\cake\libs\model\datasources\dbo\dbo_mysql.php, line 453]
2012-04-27 19:53:21 Warning: Warning (2): mysql_select_db(): supplied argument is not a valid MySQL-Link resource in [CORE\cake\libs\model\datasources\dbo\dbo_mysql.php, line 459]
2012-04-27 19:53:21 Warning: Warning (2): mysql_get_server_info(): supplied argument is not a valid MySQL-Link resource in [CORE\cake\libs\model\datasources\dbo\dbo_mysql.php, line 467]
2012-04-28 13:57:22 Warning: Warning (2): session_regenerate_id() [<a href='http://php.net/function.session-regenerate-id'>function.session-regenerate-id</a>]: Session object destruction failed in [CORE\cake\libs\session.php, line 607]
2012-04-28 20:09:48 Warning: Warning (512): <span style = "color:Red;text-align:left"><b>SQL Error:</b> 1054: Unknown column 'Especialidade' in 'where clause'</span> in [CORE\cake\libs\model\datasources\dbo_source.php, line 526]
2012-04-28 20:09:48 Warning: Warning (512): <span style = "color:Red;text-align:left"><b>SQL Error:</b> 1054: Unknown column 'Especialidade.paise_id' in 'field list'</span> in [CORE\cake\libs\model\datasources\dbo_source.php, line 526]
2012-04-28 20:10:36 Warning: Warning (512): <span style = "color:Red;text-align:left"><b>SQL Error:</b> 1054: Unknown column 'Especialidade' in 'where clause'</span> in [CORE\cake\libs\model\datasources\dbo_source.php, line 526]
2012-04-28 20:11:08 Warning: Warning (512): <span style = "color:Red;text-align:left"><b>SQL Error:</b> 1054: Unknown column 'Especialidade' in 'where clause'</span> in [CORE\cake\libs\model\datasources\dbo_source.php, line 526]
2012-04-28 20:11:24 Warning: Warning (512): <span style = "color:Red;text-align:left"><b>SQL Error:</b> 1054: Unknown column 'Especialidade' in 'where clause'</span> in [CORE\cake\libs\model\datasources\dbo_source.php, line 526]
2012-04-28 20:12:45 Warning: Warning (512): <span style = "color:Red;text-align:left"><b>SQL Error:</b> 1054: Unknown column 'Especialidade' in 'where clause'</span> in [CORE\cake\libs\model\datasources\dbo_source.php, line 526]
2012-04-28 20:23:28 Warning: Warning (512): <span style = "color:Red;text-align:left"><b>SQL Error:</b> 1054: Unknown column 'paise_id' in 'order clause'</span> in [CORE\cake\libs\model\datasources\dbo_source.php, line 526]
2012-04-29 15:59:52 Warning: Warning (512): <span style = "color:Red;text-align:left"><b>SQL Error:</b> 1054: Unknown column 'Especialidade' in 'where clause'</span> in [CORE\cake\libs\model\datasources\dbo_source.php, line 526]
2012-04-29 16:04:49 Warning: Warning (512): <span style = "color:Red;text-align:left"><b>SQL Error:</b> 1054: Unknown column 'Especialidade' in 'where clause'</span> in [CORE\cake\libs\model\datasources\dbo_source.php, line 526]
2012-04-29 16:08:02 Warning: Warning (512): <span style = "color:Red;text-align:left"><b>SQL Error:</b> 1054: Unknown column 'conditions' in 'where clause'</span> in [CORE\cake\libs\model\datasources\dbo_source.php, line 526]
2012-04-29 18:44:08 Warning: Warning (512): <span style = "color:Red;text-align:left"><b>SQL Error:</b> 1054: Unknown column 'Equipo.especialidade_id' in 'field list'</span> in [CORE\cake\libs\model\datasources\dbo_source.php, line 526]
2012-04-29 18:44:08 Warning: Warning (2): Invalid argument supplied for foreach() in [CORE\cake\libs\model\datasources\dbo_source.php, line 919]
2012-04-29 18:44:11 Warning: Warning (512): <span style = "color:Red;text-align:left"><b>SQL Error:</b> 1054: Unknown column 'Equipo.especialidade_id' in 'field list'</span> in [CORE\cake\libs\model\datasources\dbo_source.php, line 526]
2012-04-29 18:44:11 Warning: Warning (2): Invalid argument supplied for foreach() in [CORE\cake\libs\model\datasources\dbo_source.php, line 919]
2012-04-29 18:44:54 Warning: Warning (512): <span style = "color:Red;text-align:left"><b>SQL Error:</b> 1054: Unknown column 'Equipo.especialidade_id' in 'field list'</span> in [CORE\cake\libs\model\datasources\dbo_source.php, line 526]
2012-04-29 18:44:54 Warning: Warning (2): Invalid argument supplied for foreach() in [CORE\cake\libs\model\datasources\dbo_source.php, line 919]
2012-04-29 19:41:53 Warning: Warning (2): Invalid argument supplied for foreach() in [APP\views\deportes\index.ctp, line 10]
2012-04-29 19:50:36 Warning: Warning (512): <span style = "color:Red;text-align:left"><b>SQL Error:</b> 1054: Unknown column 'Especialidade.pais_id' in 'where clause'</span> in [CORE\cake\libs\model\datasources\dbo_source.php, line 526]
2012-04-29 20:19:29 Warning: Warning (2): Invalid argument supplied for foreach() in [APP\views\deportes\index.ctp, line 19]
2012-04-29 20:20:28 Warning: Warning (2): Invalid argument supplied for foreach() in [APP\views\deportes\index.ctp, line 19]
2012-04-29 20:29:40 Warning: Warning (2): Invalid argument supplied for foreach() in [APP\views\deportes\index.ctp, line 19]
2012-04-29 20:31:17 Warning: Warning (2): Invalid argument supplied for foreach() in [APP\views\deportes\index.ctp, line 19]
2012-04-29 20:41:25 Warning: Warning (2): Invalid argument supplied for foreach() in [APP\views\deportes\index.ctp, line 19]
2012-04-29 21:15:58 Warning: Warning (512): <span style = "color:Red;text-align:left"><b>SQL Error:</b> 1054: Unknown column 'Deporte.nombre' in 'field list'</span> in [CORE\cake\libs\model\datasources\dbo_source.php, line 526]
2012-04-29 21:16:25 Warning: Warning (512): <span style = "color:Red;text-align:left"><b>SQL Error:</b> 1054: Unknown column 'Deporte.nombre' in 'field list'</span> in [CORE\cake\libs\model\datasources\dbo_source.php, line 526]
2012-04-29 21:30:20 Warning: Warning (512): <span style = "color:Red;text-align:left"><b>SQL Error:</b> 1054: Unknown column 'Deporte.nombre' in 'field list'</span> in [CORE\cake\libs\model\datasources\dbo_source.php, line 526]
2012-04-29 22:39:55 Warning: Warning (2): Invalid argument supplied for foreach() in [APP\views\alumnos\index.ctp, line 7]
2012-05-01 12:21:58 Warning: Warning (512): <span style = "color:Red;text-align:left"><b>SQL Error:</b> 1054: Unknown column 'Curso.nombre' in 'field list'</span> in [CORE\cake\libs\model\datasources\dbo_source.php, line 526]
2012-05-05 17:03:55 Warning: Warning (2): mysql_connect() [<a href='http://php.net/function.mysql-connect'>function.mysql-connect</a>]: Access denied for user 'root'@'localhost' (using password: YES) in [CORE\cake\libs\model\datasources\dbo\dbo_mysql.php, line 453]
2012-05-05 17:03:55 Warning: Warning (2): mysql_select_db() expects parameter 2 to be resource, boolean given in [CORE\cake\libs\model\datasources\dbo\dbo_mysql.php, line 459]
2012-05-05 17:03:55 Warning: Warning (2): mysql_get_server_info() expects parameter 1 to be resource, boolean given in [CORE\cake\libs\model\datasources\dbo\dbo_mysql.php, line 467]
2012-05-05 17:08:35 Warning: Warning (2): mysql_connect() [<a href='http://php.net/function.mysql-connect'>function.mysql-connect</a>]: Access denied for user 'root'@'localhost' (using password: YES) in [CORE\cake\libs\model\datasources\dbo\dbo_mysql.php, line 453]
2012-05-05 17:08:35 Warning: Warning (2): mysql_select_db() expects parameter 2 to be resource, boolean given in [CORE\cake\libs\model\datasources\dbo\dbo_mysql.php, line 459]
2012-05-05 17:08:35 Warning: Warning (2): mysql_get_server_info() expects parameter 1 to be resource, boolean given in [CORE\cake\libs\model\datasources\dbo\dbo_mysql.php, line 467]
2012-05-05 17:20:39 Warning: Warning (2): mysql_connect() [<a href='http://php.net/function.mysql-connect'>function.mysql-connect</a>]: Access denied for user 'root'@'localhost' (using password: YES) in [CORE\cake\libs\model\datasources\dbo\dbo_mysql.php, line 453]
2012-05-05 17:20:39 Warning: Warning (2): mysql_select_db() expects parameter 2 to be resource, boolean given in [CORE\cake\libs\model\datasources\dbo\dbo_mysql.php, line 459]
2012-05-05 17:20:39 Warning: Warning (2): mysql_get_server_info() expects parameter 1 to be resource, boolean given in [CORE\cake\libs\model\datasources\dbo\dbo_mysql.php, line 467]
2012-05-05 17:21:59 Warning: Warning (2): mysql_connect() [<a href='http://php.net/function.mysql-connect'>function.mysql-connect</a>]: Access denied for user 'root'@'localhost' (using password: YES) in [CORE\cake\libs\model\datasources\dbo\dbo_mysql.php, line 453]
2012-05-05 17:21:59 Warning: Warning (2): mysql_select_db() expects parameter 2 to be resource, boolean given in [CORE\cake\libs\model\datasources\dbo\dbo_mysql.php, line 459]
2012-05-05 17:21:59 Warning: Warning (2): mysql_get_server_info() expects parameter 1 to be resource, boolean given in [CORE\cake\libs\model\datasources\dbo\dbo_mysql.php, line 467]
2012-05-05 17:27:16 Warning: Warning (2): mysql_connect() [<a href='http://php.net/function.mysql-connect'>function.mysql-connect</a>]: Access denied for user 'root'@'localhost' (using password: YES) in [CORE\cake\libs\model\datasources\dbo\dbo_mysql.php, line 453]
2012-05-05 17:27:16 Warning: Warning (2): mysql_select_db() expects parameter 2 to be resource, boolean given in [CORE\cake\libs\model\datasources\dbo\dbo_mysql.php, line 459]
2012-05-05 17:27:16 Warning: Warning (2): mysql_get_server_info() expects parameter 1 to be resource, boolean given in [CORE\cake\libs\model\datasources\dbo\dbo_mysql.php, line 467]
2012-05-05 17:55:01 Warning: Warning (2): mysql_connect() [<a href='http://php.net/function.mysql-connect'>function.mysql-connect</a>]: Access denied for user 'root'@'localhost' (using password: YES) in [CORE\cake\libs\model\datasources\dbo\dbo_mysql.php, line 453]
2012-05-05 17:55:01 Warning: Warning (2): mysql_select_db() expects parameter 2 to be resource, boolean given in [CORE\cake\libs\model\datasources\dbo\dbo_mysql.php, line 459]
2012-05-05 17:55:01 Warning: Warning (2): mysql_get_server_info() expects parameter 1 to be resource, boolean given in [CORE\cake\libs\model\datasources\dbo\dbo_mysql.php, line 467]
2012-05-05 18:01:33 Warning: Warning (2): Missing argument 1 for AutorsController::view(), called in C:\AppServ\www\cake\cake\libs\object.php on line 115 and defined in [APP\controllers\autors_controller.php, line 15]
2012-05-05 18:02:03 Warning: Warning (2): Missing argument 1 for AutorsController::view(), called in C:\AppServ\www\cake\cake\libs\object.php on line 115 and defined in [APP\controllers\autors_controller.php, line 15]
2012-05-05 18:41:21 Warning: Warning (512): <span style = "color:Red;text-align:left"><b>SQL Error:</b> 1054: Unknown column 'AppModel.autor_id' in 'on clause'</span> in [CORE\cake\libs\model\datasources\dbo_source.php, line 526]
2012-05-05 18:42:38 Warning: Warning (512): <span style = "color:Red;text-align:left"><b>SQL Error:</b> 1054: Unknown column 'AppModel.autor_id' in 'on clause'</span> in [CORE\cake\libs\model\datasources\dbo_source.php, line 526]
2012-05-05 18:42:39 Warning: Warning (512): <span style = "color:Red;text-align:left"><b>SQL Error:</b> 1054: Unknown column 'AppModel.autor_id' in 'on clause'</span> in [CORE\cake\libs\model\datasources\dbo_source.php, line 526]
2012-05-05 18:42:41 Warning: Warning (512): <span style = "color:Red;text-align:left"><b>SQL Error:</b> 1054: Unknown column 'AppModel.autor_id' in 'on clause'</span> in [CORE\cake\libs\model\datasources\dbo_source.php, line 526]
2012-05-05 18:48:35 Warning: Warning (512): <span style = "color:Red;text-align:left"><b>SQL Error:</b> 1054: Unknown column 'AppModel.autor_id' in 'on clause'</span> in [CORE\cake\libs\model\datasources\dbo_source.php, line 526]
2012-05-05 18:48:36 Warning: Warning (512): <span style = "color:Red;text-align:left"><b>SQL Error:</b> 1054: Unknown column 'AppModel.autor_id' in 'on clause'</span> in [CORE\cake\libs\model\datasources\dbo_source.php, line 526]
2012-05-05 18:49:05 Warning: Warning (512): <span style = "color:Red;text-align:left"><b>SQL Error:</b> 1054: Unknown column 'AppModel.autor_id' in 'on clause'</span> in [CORE\cake\libs\model\datasources\dbo_source.php, line 526]
2012-05-05 18:49:06 Warning: Warning (512): <span style = "color:Red;text-align:left"><b>SQL Error:</b> 1054: Unknown column 'AppModel.autor_id' in 'on clause'</span> in [CORE\cake\libs\model\datasources\dbo_source.php, line 526]
2012-05-05 18:52:25 Warning: Warning (512): <span style = "color:Red;text-align:left"><b>SQL Error:</b> 1054: Unknown column 'AppModel.autor_id' in 'on clause'</span> in [CORE\cake\libs\model\datasources\dbo_source.php, line 526]
2012-05-05 18:52:45 Warning: Warning (512): <span style = "color:Red;text-align:left"><b>SQL Error:</b> 1054: Unknown column 'AppModel.autor_id' in 'on clause'</span> in [CORE\cake\libs\model\datasources\dbo_source.php, line 526]
2012-05-05 18:52:47 Warning: Warning (512): <span style = "color:Red;text-align:left"><b>SQL Error:</b> 1054: Unknown column 'AppModel.autor_id' in 'on clause'</span> in [CORE\cake\libs\model\datasources\dbo_source.php, line 526]
2012-05-05 18:53:33 Warning: Warning (512): <span style = "color:Red;text-align:left"><b>SQL Error:</b> 1054: Unknown column 'AppModel.autor_id' in 'on clause'</span> in [CORE\cake\libs\model\datasources\dbo_source.php, line 526]
2012-05-05 18:53:48 Warning: Warning (512): <span style = "color:Red;text-align:left"><b>SQL Error:</b> 1054: Unknown column 'AppModel.autor_id' in 'on clause'</span> in [CORE\cake\libs\model\datasources\dbo_source.php, line 526]
2012-05-05 18:54:05 Warning: Warning (512): <span style = "color:Red;text-align:left"><b>SQL Error:</b> 1054: Unknown column 'AppModel.autor_id' in 'on clause'</span> in [CORE\cake\libs\model\datasources\dbo_source.php, line 526]
2012-05-05 18:55:13 Warning: Warning (512): <span style = "color:Red;text-align:left"><b>SQL Error:</b> 1054: Unknown column 'AppModel.autor_id' in 'on clause'</span> in [CORE\cake\libs\model\datasources\dbo_source.php, line 526]
2012-05-05 18:55:49 Warning: Warning (512): <span style = "color:Red;text-align:left"><b>SQL Error:</b> 1054: Unknown column 'AppModel.autor_id' in 'on clause'</span> in [CORE\cake\libs\model\datasources\dbo_source.php, line 526]
2012-05-05 18:56:27 Warning: Warning (512): <span style = "color:Red;text-align:left"><b>SQL Error:</b> 1054: Unknown column 'AppModel.autor_id' in 'on clause'</span> in [CORE\cake\libs\model\datasources\dbo_source.php, line 526]
2012-05-05 18:56:35 Warning: Warning (512): <span style = "color:Red;text-align:left"><b>SQL Error:</b> 1054: Unknown column 'AppModel.autor_id' in 'on clause'</span> in [CORE\cake\libs\model\datasources\dbo_source.php, line 526]
2012-05-05 18:56:48 Warning: Warning (512): <span style = "color:Red;text-align:left"><b>SQL Error:</b> 1054: Unknown column 'AppModel.autor_id' in 'on clause'</span> in [CORE\cake\libs\model\datasources\dbo_source.php, line 526]
2012-05-05 18:57:30 Warning: Warning (512): <span style = "color:Red;text-align:left"><b>SQL Error:</b> 1054: Unknown column 'AppModel.autor_id' in 'on clause'</span> in [CORE\cake\libs\model\datasources\dbo_source.php, line 526]
2012-05-06 09:14:22 Warning: Warning (2): mysql_connect() [<a href='http://php.net/function.mysql-connect'>function.mysql-connect</a>]: Access denied for user 'root'@'localhost' (using password: NO) in [CORE\cake\libs\model\datasources\dbo\dbo_mysql.php, line 453]
2012-05-06 09:14:22 Warning: Warning (2): mysql_select_db() expects parameter 2 to be resource, boolean given in [CORE\cake\libs\model\datasources\dbo\dbo_mysql.php, line 459]
2012-05-06 09:14:22 Warning: Warning (2): mysql_get_server_info() expects parameter 1 to be resource, boolean given in [CORE\cake\libs\model\datasources\dbo\dbo_mysql.php, line 467]
2012-05-06 09:14:22 Warning: Warning (2): mysql_query() expects parameter 2 to be resource, boolean given in [CORE\cake\libs\model\datasources\dbo\dbo_mysql.php, line 499]
2012-05-06 09:14:23 Warning: Warning (2): mysql_connect() [<a href='http://php.net/function.mysql-connect'>function.mysql-connect</a>]: Access denied for user 'root'@'localhost' (using password: NO) in [CORE\cake\libs\model\datasources\dbo\dbo_mysql.php, line 453]
2012-05-06 09:14:23 Warning: Warning (2): mysql_select_db() expects parameter 2 to be resource, boolean given in [CORE\cake\libs\model\datasources\dbo\dbo_mysql.php, line 459]
2012-05-06 09:14:23 Warning: Warning (2): mysql_get_server_info() expects parameter 1 to be resource, boolean given in [CORE\cake\libs\model\datasources\dbo\dbo_mysql.php, line 467]
2012-05-06 09:14:23 Warning: Warning (2): mysql_query() expects parameter 2 to be resource, boolean given in [CORE\cake\libs\model\datasources\dbo\dbo_mysql.php, line 499]
2012-05-17 20:15:26 Warning: Warning (2): Missing argument 1 for AutorsController::view(), called in C:\AppServ\www\cake\cake\libs\object.php on line 115 and defined in [APP\controllers\autors_controller.php, line 15]
